<?xml version="1.0" encoding="UTF-8"?>
<!-- Generated by org.testng.reporters.JUnitXMLReporter -->
<testsuite ignored="0" hostname="DESKTOP-K9CNP8L" failures="0" tests="3" name="Default test" time="7.288" errors="0" timestamp="2021-04-25T17:55:42 CDT">
  <testcase classname="test.TestNG" name="addCategory" time="0.457"/>
  <testcase classname="test.TestNG" name="duplicateCategory" time="0.516"/>
  <testcase classname="test.TestNG" name="dueDateDropDown" time="0.202"/>
</testsuite> <!-- Default test -->
