<?xml version="1.0" encoding="UTF-8"?>
<testng-results ignored="0" total="3" passed="3" failed="0" skipped="0">
  <reporter-output>
  </reporter-output>
  <suite started-at="2021-04-25T17:55:34 CDT" name="Default suite" finished-at="2021-04-25T17:55:42 CDT" duration-ms="7288">
    <groups>
    </groups>
    <test started-at="2021-04-25T17:55:34 CDT" name="Default test" finished-at="2021-04-25T17:55:42 CDT" duration-ms="7288">
      <class name="test.TestNG">
        <test-method is-config="true" signature="init()[pri:0, instance:test.TestNG@343570b7]" started-at="2021-04-25T17:55:34 CDT" name="init" finished-at="2021-04-25T17:55:37 CDT" duration-ms="2740" status="PASS">
          <reporter-output>
          </reporter-output>
        </test-method> <!-- init -->
        <test-method signature="addCategory()[pri:1, instance:test.TestNG@343570b7]" started-at="2021-04-25T17:55:37 CDT" name="addCategory" finished-at="2021-04-25T17:55:38 CDT" duration-ms="457" status="PASS">
          <reporter-output>
          </reporter-output>
        </test-method> <!-- addCategory -->
        <test-method is-config="true" signature="init()[pri:0, instance:test.TestNG@343570b7]" started-at="2021-04-25T17:55:38 CDT" name="init" finished-at="2021-04-25T17:55:39 CDT" duration-ms="1671" status="PASS">
          <reporter-output>
          </reporter-output>
        </test-method> <!-- init -->
        <test-method signature="duplicateCategory()[pri:2, instance:test.TestNG@343570b7]" started-at="2021-04-25T17:55:39 CDT" name="duplicateCategory" finished-at="2021-04-25T17:55:40 CDT" duration-ms="516" status="PASS">
          <reporter-output>
          </reporter-output>
        </test-method> <!-- duplicateCategory -->
        <test-method is-config="true" signature="init()[pri:0, instance:test.TestNG@343570b7]" started-at="2021-04-25T17:55:40 CDT" name="init" finished-at="2021-04-25T17:55:41 CDT" duration-ms="1677" status="PASS">
          <reporter-output>
          </reporter-output>
        </test-method> <!-- init -->
        <test-method signature="dueDateDropDown()[pri:3, instance:test.TestNG@343570b7]" started-at="2021-04-25T17:55:41 CDT" name="dueDateDropDown" finished-at="2021-04-25T17:55:42 CDT" duration-ms="202" status="PASS">
          <reporter-output>
          </reporter-output>
        </test-method> <!-- dueDateDropDown -->
      </class> <!-- test.TestNG -->
    </test> <!-- Default test -->
  </suite> <!-- Default suite -->
</testng-results>
